<?xml version="1.0" encoding="UTF-8"?>
<!-- Generated by org.testng.reporters.JUnitXMLReporter -->
<testsuite hostname="Sachins-MacBook-Pro.local" ignored="1" tests="3" failures="0" timestamp="26 Mar 2020 08:25:00 GMT" time="0.029" errors="0">
  <testcase name="test1" time="0.01" classname="ParllelTestCase"/>
  <testcase name="test1" time="0.0" classname="ParllelTestCase"/>
  <testcase name="test1" time="0.0" classname="ParllelTestCase"/>
  <testcase name="test2" time="0.0" classname="ParllelTestCase">
    <ignored/>
  </testcase> <!-- test2 -->
</testsuite>
