<?xml version="1.0" encoding="UTF-8"?>
<!-- Generated by org.testng.reporters.JUnitXMLReporter -->
<testsuite hostname="Sachins-MacBook-Pro.local" ignored="0" tests="5" failures="1" timestamp="30 Mar 2020 07:02:41 GMT" time="0.035" errors="0">
  <testcase name="testMethod" time="0.005" classname="TestNGConcept"/>
  <testcase name="testMethod1" time="0.007" classname="TestNGConcept">
    <skipped/>
  </testcase> <!-- testMethod1 -->
  <testcase name="testMethod1" time="0.0" classname="TestNGConcept">
    <skipped/>
  </testcase> <!-- testMethod1 -->
  <testcase name="testMethod1" time="0.0" classname="TestNGConcept">
    <skipped/>
  </testcase> <!-- testMethod1 -->
  <testcase name="testMethod1" time="0.0" classname="TestNGConcept">
    <failure type="java.lang.AssertionError" message="expected [true] but found [false]">
      <![CDATA[java.lang.AssertionError: expected [true] but found [false]
at TestNGConcept.testMethod1(TestNGConcept.java:50)
at java.util.concurrent.ThreadPoolExecutor.runWorker(ThreadPoolExecutor.java:1149)
at java.util.concurrent.ThreadPoolExecutor$Worker.run(ThreadPoolExecutor.java:624)
at java.lang.Thread.run(Thread.java:748)
... Removed 14 stack frames]]>
    </failure>
  </testcase> <!-- testMethod1 -->
</testsuite>
