<?xml version="1.0" encoding="UTF-8"?>
<testng-results skipped="0" failed="0" ignored="1" total="4" passed="3">
  <reporter-output>
  </reporter-output>
  <suite name="Default Suite" duration-ms="29" started-at="2020-03-26T08:25:00Z" finished-at="2020-03-26T08:25:00Z">
    <groups>
    </groups>
    <test name="JavaSeleniumConcept" duration-ms="29" started-at="2020-03-26T08:25:00Z" finished-at="2020-03-26T08:25:00Z">
      <class name="ParllelTestCase">
        <test-method status="PASS" signature="test1()[pri:0, instance:ParllelTestCase@1d251891]" name="test1" duration-ms="10" started-at="2020-03-26T08:25:00Z" finished-at="2020-03-26T08:25:00Z">
          <reporter-output>
          </reporter-output>
        </test-method> <!-- test1 -->
        <test-method status="PASS" signature="test1()[pri:0, instance:ParllelTestCase@1d251891]" name="test1" duration-ms="0" started-at="2020-03-26T08:25:00Z" finished-at="2020-03-26T08:25:00Z">
          <reporter-output>
          </reporter-output>
        </test-method> <!-- test1 -->
        <test-method status="PASS" signature="test1()[pri:0, instance:ParllelTestCase@1d251891]" name="test1" duration-ms="0" started-at="2020-03-26T08:25:00Z" finished-at="2020-03-26T08:25:00Z">
          <reporter-output>
          </reporter-output>
        </test-method> <!-- test1 -->
      </class> <!-- ParllelTestCase -->
    </test> <!-- JavaSeleniumConcept -->
  </suite> <!-- Default Suite -->
</testng-results>
